# run with pyton3 -m doctest -v ./tests/3-say_my_name.txt

First import the method to test
>>> say_my_name = __import__('3-say_my_name').say_my_name

FAIL CASES:
    Test if the input not a string:
        >>> say_my_name(1, "hi")
        Traceback (most recent call last):
        ...
        TypeError: first_name must be a string

        >>> say_my_name("hi", 1)
        Traceback (most recent call last):
        ...
        TypeError: last_name must be a string

    Test if no arg:
        >>> say_my_name()
        Traceback (most recent call last):
        ...
        TypeError: say_my_name() missing 1 required positional argument: 'first_name'

    Test incorect number of args:
        >>> say_my_name("hi", "abreham", "dess")
        Traceback (most recent call last):
        ...
        TypeError: say_my_name() takes from 1 to 2 positional arguments but 3 were given
