# run with test with python3 -m doctest -v ./tests/4-print_square.txt

First import the method to test:
>>> print_square = __import__('4-print_square').print_square

FAIL CASES:

    Test if no args:
        >>> print_square()
        Traceback (most recent call last):
        ...
        TypeError: print_square() missing 1 required positional argument: 'size'

    Test incorect type:
        >>> print_square('h')
        Traceback (most recent call last):
        ...
        TypeError: size must be an integer

    Test incorect num of args:
        >>> print_square(1, 2)
        Traceback (most recent call last):
        ...
        TypeError: print_square() takes 1 positional argument but 2 were given

    Test very large number as input:
        >>> print_square(int(float("inf")))
	Traceback (most recent call last):
        ...
        OverflowError: cannot convert float infinity to integer
